<?xml version="1.0" encoding="UTF-8"?>
<coverage generated="1761255506868" clover="3.2.0">
  <project timestamp="1761255506868" name="All files">
    <metrics statements="275" coveredstatements="201" conditionals="92" coveredconditionals="55" methods="70" coveredmethods="58" elements="437" coveredelements="314" complexity="0" loc="275" ncloc="275" packages="7" files="13" classes="13"/>
    <package name="app.api.search">
      <metrics statements="23" coveredstatements="23" conditionals="12" coveredconditionals="10" methods="4" coveredmethods="4"/>
      <file name="route.ts" path="/home/frankbria/projects/frankbria-com/app/api/search/route.ts">
        <metrics statements="23" coveredstatements="23" conditionals="12" coveredconditionals="10" methods="4" coveredmethods="4"/>
        <line num="1" count="1" type="stmt"/>
        <line num="2" count="1" type="stmt"/>
        <line num="5" count="1" type="stmt"/>
        <line num="6" count="1" type="stmt"/>
        <line num="28" count="14" type="stmt"/>
        <line num="30" count="14" type="stmt"/>
        <line num="43" count="2" type="stmt"/>
        <line num="60" count="16" type="stmt"/>
        <line num="61" count="16" type="cond" truecount="2" falsecount="0"/>
        <line num="62" count="16" type="cond" truecount="2" falsecount="0"/>
        <line num="64" count="16" type="stmt"/>
        <line num="77" count="16" type="stmt"/>
        <line num="78" count="16" type="stmt"/>
        <line num="79" count="16" type="stmt"/>
        <line num="82" count="16" type="cond" truecount="1" falsecount="0"/>
        <line num="83" count="2" type="stmt"/>
        <line num="87" count="14" type="stmt"/>
        <line num="88" count="14" type="stmt"/>
        <line num="91" count="12" type="cond" truecount="3" falsecount="0"/>
        <line num="92" count="1" type="stmt"/>
        <line num="96" count="11" type="stmt"/>
        <line num="101" count="3" type="stmt"/>
        <line num="102" count="3" type="stmt"/>
      </file>
    </package>
    <package name="app.blog.[slug]">
      <metrics statements="30" coveredstatements="18" conditionals="10" coveredconditionals="3" methods="7" coveredmethods="3"/>
      <file name="page.tsx" path="/home/frankbria/projects/frankbria-com/app/blog/[slug]/page.tsx">
        <metrics statements="30" coveredstatements="18" conditionals="10" coveredconditionals="3" methods="7" coveredmethods="3"/>
        <line num="1" count="1" type="stmt"/>
        <line num="2" count="1" type="stmt"/>
        <line num="3" count="1" type="stmt"/>
        <line num="4" count="1" type="stmt"/>
        <line num="5" count="1" type="stmt"/>
        <line num="6" count="1" type="stmt"/>
        <line num="7" count="1" type="stmt"/>
        <line num="8" count="1" type="stmt"/>
        <line num="10" count="1" type="stmt"/>
        <line num="12" count="0" type="stmt"/>
        <line num="13" count="0" type="stmt"/>
        <line num="15" count="0" type="stmt"/>
        <line num="16" count="0" type="stmt"/>
        <line num="17" count="0" type="stmt"/>
        <line num="22" count="32" type="stmt"/>
        <line num="23" count="32" type="stmt"/>
        <line num="24" count="32" type="stmt"/>
        <line num="26" count="32" type="cond" truecount="0" falsecount="1"/>
        <line num="27" count="0" type="stmt"/>
        <line num="30" count="32" type="stmt"/>
        <line num="33" count="32" type="cond" truecount="1" falsecount="1"/>
        <line num="34" count="32" type="stmt"/>
        <line num="37" count="32" type="stmt"/>
        <line num="53" count="32" type="stmt"/>
        <line num="128" count="0" type="stmt"/>
        <line num="129" count="0" type="stmt"/>
        <line num="130" count="0" type="stmt"/>
        <line num="132" count="0" type="cond" truecount="0" falsecount="1"/>
        <line num="133" count="0" type="stmt"/>
        <line num="138" count="0" type="stmt"/>
      </file>
    </package>
    <package name="components">
      <metrics statements="22" coveredstatements="22" conditionals="5" coveredconditionals="5" methods="4" coveredmethods="4"/>
      <file name="CookieConsent.tsx" path="/home/frankbria/projects/frankbria-com/components/CookieConsent.tsx">
        <metrics statements="8" coveredstatements="8" conditionals="0" coveredconditionals="0" methods="1" coveredmethods="1"/>
        <line num="41" count="2" type="stmt"/>
        <line num="42" count="2" type="stmt"/>
        <line num="45" count="2" type="stmt"/>
        <line num="46" count="2" type="stmt"/>
        <line num="49" count="2" type="stmt"/>
        <line num="57" count="2" type="stmt"/>
        <line num="72" count="2" type="stmt"/>
        <line num="144" count="57" type="stmt"/>
      </file>
      <file name="Header.tsx" path="/home/frankbria/projects/frankbria-com/components/Header.tsx">
        <metrics statements="5" coveredstatements="5" conditionals="0" coveredconditionals="0" methods="1" coveredmethods="1"/>
        <line num="1" count="1" type="stmt"/>
        <line num="2" count="1" type="stmt"/>
        <line num="3" count="1" type="stmt"/>
        <line num="4" count="1" type="stmt"/>
        <line num="6" count="26" type="stmt"/>
      </file>
      <file name="RelatedPosts.tsx" path="/home/frankbria/projects/frankbria-com/components/RelatedPosts.tsx">
        <metrics statements="9" coveredstatements="9" conditionals="5" coveredconditionals="5" methods="2" coveredmethods="2"/>
        <line num="1" count="1" type="stmt"/>
        <line num="2" count="1" type="stmt"/>
        <line num="3" count="1" type="stmt"/>
        <line num="51" count="29" type="stmt"/>
        <line num="52" count="29" type="cond" truecount="1" falsecount="0"/>
        <line num="53" count="1" type="stmt"/>
        <line num="61" count="75" type="stmt"/>
        <line num="62" count="75" type="cond" truecount="2" falsecount="0"/>
        <line num="64" count="75" type="stmt"/>
      </file>
    </package>
    <package name="components.mobile">
      <metrics statements="12" coveredstatements="12" conditionals="0" coveredconditionals="0" methods="5" coveredmethods="5"/>
      <file name="MobileMenu.tsx" path="/home/frankbria/projects/frankbria-com/components/mobile/MobileMenu.tsx">
        <metrics statements="12" coveredstatements="12" conditionals="0" coveredconditionals="0" methods="5" coveredmethods="5"/>
        <line num="21" count="2" type="stmt"/>
        <line num="22" count="2" type="stmt"/>
        <line num="23" count="2" type="stmt"/>
        <line num="24" count="2" type="stmt"/>
        <line num="25" count="2" type="stmt"/>
        <line num="39" count="2" type="stmt"/>
        <line num="53" count="68" type="stmt"/>
        <line num="54" count="115" type="stmt"/>
        <line num="59" count="115" type="stmt"/>
        <line num="64" count="115" type="stmt"/>
        <line num="69" count="115" type="stmt"/>
        <line num="91" count="230" type="stmt"/>
      </file>
    </package>
    <package name="components.search">
      <metrics statements="72" coveredstatements="71" conditionals="24" coveredconditionals="18" methods="24" coveredmethods="24"/>
      <file name="SearchDialog.tsx" path="/home/frankbria/projects/frankbria-com/components/search/SearchDialog.tsx">
        <metrics statements="58" coveredstatements="57" conditionals="14" coveredconditionals="10" methods="16" coveredmethods="16"/>
        <line num="3" count="2" type="stmt"/>
        <line num="4" count="2" type="stmt"/>
        <line num="5" count="2" type="stmt"/>
        <line num="6" count="2" type="stmt"/>
        <line num="7" count="2" type="stmt"/>
        <line num="8" count="2" type="stmt"/>
        <line num="11" count="2" type="stmt"/>
        <line num="12" count="2" type="stmt"/>
        <line num="16" count="262" type="stmt"/>
        <line num="17" count="262" type="stmt"/>
        <line num="18" count="262" type="stmt"/>
        <line num="20" count="262" type="stmt"/>
        <line num="21" count="150" type="cond" truecount="1" falsecount="0"/>
        <line num="22" count="83" type="stmt"/>
        <line num="23" count="83" type="stmt"/>
        <line num="26" count="67" type="stmt"/>
        <line num="27" count="12" type="stmt"/>
        <line num="28" count="12" type="stmt"/>
        <line num="29" count="12" type="stmt"/>
        <line num="30" count="12" type="stmt"/>
        <line num="32" count="11" type="cond" truecount="2" falsecount="0"/>
        <line num="33" count="10" type="stmt"/>
        <line num="34" count="10" type="cond" truecount="1" falsecount="1"/>
        <line num="36" count="1" type="stmt"/>
        <line num="39" count="1" type="stmt"/>
        <line num="40" count="1" type="stmt"/>
        <line num="42" count="12" type="stmt"/>
        <line num="46" count="67" type="stmt"/>
        <line num="49" count="262" type="stmt"/>
        <line num="50" count="4" type="stmt"/>
        <line num="51" count="4" type="stmt"/>
        <line num="54" count="262" type="stmt"/>
        <line num="65" count="262" type="stmt"/>
        <line num="66" count="78" type="stmt"/>
        <line num="67" count="78" type="cond" truecount="4" falsecount="0"/>
        <line num="68" count="2" type="stmt"/>
        <line num="69" count="2" type="stmt"/>
        <line num="73" count="78" type="stmt"/>
        <line num="74" count="78" type="stmt"/>
        <line num="80" count="262" type="cond" truecount="0" falsecount="1"/>
        <line num="82" count="262" type="stmt"/>
        <line num="83" count="262" type="cond" truecount="1" falsecount="1"/>
        <line num="97" count="78" type="stmt"/>
        <line num="98" count="262" type="stmt"/>
        <line num="99" count="262" type="stmt"/>
        <line num="102" count="262" type="stmt"/>
        <line num="103" count="262" type="stmt"/>
        <line num="106" count="262" type="stmt"/>
        <line num="107" count="4" type="stmt"/>
        <line num="108" count="4" type="stmt"/>
        <line num="112" count="262" type="stmt"/>
        <line num="114" count="3" type="cond" truecount="1" falsecount="1"/>
        <line num="115" count="3" type="stmt"/>
        <line num="117" count="0" type="stmt"/>
        <line num="124" count="262" type="stmt"/>
        <line num="125" count="1" type="stmt"/>
        <line num="128" count="262" type="stmt"/>
        <line num="154" count="70" type="stmt"/>
      </file>
      <file name="SearchResults.tsx" path="/home/frankbria/projects/frankbria-com/components/search/SearchResults.tsx">
        <metrics statements="14" coveredstatements="14" conditionals="10" coveredconditionals="8" methods="8" coveredmethods="8"/>
        <line num="3" count="3" type="stmt"/>
        <line num="4" count="3" type="stmt"/>
        <line num="5" count="3" type="stmt"/>
        <line num="59" count="36" type="cond" truecount="3" falsecount="0"/>
        <line num="60" count="13" type="stmt"/>
        <line num="68" count="43" type="stmt"/>
        <line num="89" count="36" type="stmt"/>
        <line num="126" count="286" type="stmt"/>
        <line num="133" count="124" type="cond" truecount="1" falsecount="0"/>
        <line num="134" count="3" type="stmt"/>
        <line num="138" count="121" type="cond" truecount="1" falsecount="0"/>
        <line num="139" count="24" type="stmt"/>
        <line num="143" count="97" type="cond" truecount="1" falsecount="0"/>
        <line num="151" count="36" type="stmt"/>
      </file>
    </package>
    <package name="components.ui">
      <metrics statements="40" coveredstatements="40" conditionals="12" coveredconditionals="12" methods="16" coveredmethods="16"/>
      <file name="button.tsx" path="/home/frankbria/projects/frankbria-com/components/ui/button.tsx">
        <metrics statements="5" coveredstatements="5" conditionals="3" coveredconditionals="3" methods="1" coveredmethods="1"/>
        <line num="1" count="4" type="stmt"/>
        <line num="8" count="410" type="stmt"/>
        <line num="14" count="408" type="stmt"/>
        <line num="16" count="408" type="stmt"/>
        <line num="22" count="408" type="stmt"/>
      </file>
      <file name="dialog.tsx" path="/home/frankbria/projects/frankbria-com/components/ui/dialog.tsx">
        <metrics statements="16" coveredstatements="16" conditionals="3" coveredconditionals="3" methods="7" coveredmethods="7"/>
        <line num="3" count="3" type="stmt"/>
        <line num="4" count="3" type="stmt"/>
        <line num="12" count="310" type="stmt"/>
        <line num="13" count="310" type="stmt"/>
        <line num="14" count="153" type="stmt"/>
        <line num="15" count="75" type="cond" truecount="1" falsecount="0"/>
        <line num="18" count="153" type="cond" truecount="1" falsecount="0"/>
        <line num="19" count="60" type="stmt"/>
        <line num="20" count="60" type="stmt"/>
        <line num="23" count="153" type="stmt"/>
        <line num="24" count="153" type="stmt"/>
        <line num="25" count="153" type="stmt"/>
        <line num="29" count="310" type="cond" truecount="1" falsecount="0"/>
        <line num="35" count="2" type="stmt"/>
        <line num="44" count="277" type="stmt"/>
        <line num="52" count="7" type="stmt"/>
      </file>
      <file name="input.tsx" path="/home/frankbria/projects/frankbria-com/components/ui/input.tsx">
        <metrics statements="2" coveredstatements="2" conditionals="2" coveredconditionals="2" methods="1" coveredmethods="1"/>
        <line num="1" count="3" type="stmt"/>
        <line num="6" count="318" type="cond" truecount="2" falsecount="0"/>
      </file>
      <file name="sheet.tsx" path="/home/frankbria/projects/frankbria-com/components/ui/sheet.tsx">
        <metrics statements="17" coveredstatements="17" conditionals="4" coveredconditionals="4" methods="7" coveredmethods="7"/>
        <line num="3" count="3" type="stmt"/>
        <line num="4" count="3" type="stmt"/>
        <line num="13" count="174" type="stmt"/>
        <line num="19" count="172" type="stmt"/>
        <line num="20" count="172" type="stmt"/>
        <line num="21" count="5" type="cond" truecount="1" falsecount="0"/>
        <line num="24" count="172" type="cond" truecount="1" falsecount="0"/>
        <line num="25" count="85" type="stmt"/>
        <line num="26" count="85" type="stmt"/>
        <line num="29" count="172" type="stmt"/>
        <line num="30" count="172" type="stmt"/>
        <line num="31" count="172" type="stmt"/>
        <line num="35" count="172" type="cond" truecount="1" falsecount="0"/>
        <line num="37" count="85" type="stmt"/>
        <line num="46" count="2" type="stmt"/>
        <line num="57" count="132" type="stmt"/>
        <line num="61" count="123" type="stmt"/>
      </file>
    </package>
    <package name="lib">
      <metrics statements="76" coveredstatements="15" conditionals="29" coveredconditionals="7" methods="10" coveredmethods="2"/>
      <file name="strapi.ts" path="/home/frankbria/projects/frankbria-com/lib/strapi.ts">
        <metrics statements="76" coveredstatements="15" conditionals="29" coveredconditionals="7" methods="10" coveredmethods="2"/>
        <line num="1" count="1" type="stmt"/>
        <line num="5" count="14" type="cond" truecount="1" falsecount="2"/>
        <line num="6" count="14" type="cond" truecount="1" falsecount="1"/>
        <line num="8" count="14" type="stmt"/>
        <line num="17" count="1" type="stmt"/>
        <line num="19" count="0" type="stmt"/>
        <line num="20" count="0" type="stmt"/>
        <line num="22" count="0" type="stmt"/>
        <line num="23" count="0" type="stmt"/>
        <line num="24" count="0" type="stmt"/>
        <line num="26" count="0" type="stmt"/>
        <line num="27" count="0" type="stmt"/>
        <line num="31" count="0" type="cond" truecount="0" falsecount="2"/>
        <line num="32" count="0" type="stmt"/>
        <line num="33" count="0" type="stmt"/>
        <line num="34" count="0" type="stmt"/>
        <line num="38" count="0" type="stmt"/>
        <line num="43" count="0" type="stmt"/>
        <line num="44" count="0" type="stmt"/>
        <line num="58" count="0" type="stmt"/>
        <line num="59" count="0" type="stmt"/>
        <line num="60" count="0" type="stmt"/>
        <line num="61" count="0" type="cond" truecount="0" falsecount="2"/>
        <line num="63" count="0" type="cond" truecount="0" falsecount="1"/>
        <line num="64" count="0" type="stmt"/>
        <line num="69" count="0" type="cond" truecount="0" falsecount="2"/>
        <line num="90" count="0" type="stmt"/>
        <line num="92" count="0" type="stmt"/>
        <line num="93" count="0" type="stmt"/>
        <line num="97" count="0" type="stmt"/>
        <line num="98" count="0" type="stmt"/>
        <line num="99" count="0" type="stmt"/>
        <line num="100" count="0" type="stmt"/>
        <line num="102" count="0" type="stmt"/>
        <line num="103" count="0" type="stmt"/>
        <line num="107" count="0" type="stmt"/>
        <line num="108" count="0" type="stmt"/>
        <line num="109" count="0" type="stmt"/>
        <line num="110" count="0" type="cond" truecount="0" falsecount="2"/>
        <line num="112" count="0" type="stmt"/>
        <line num="113" count="0" type="stmt"/>
        <line num="119" count="0" type="stmt"/>
        <line num="120" count="0" type="stmt"/>
        <line num="121" count="0" type="stmt"/>
        <line num="122" count="0" type="stmt"/>
        <line num="123" count="0" type="stmt"/>
        <line num="125" count="0" type="stmt"/>
        <line num="126" count="0" type="stmt"/>
        <line num="130" count="0" type="stmt"/>
        <line num="131" count="0" type="stmt"/>
        <line num="132" count="0" type="stmt"/>
        <line num="133" count="0" type="stmt"/>
        <line num="134" count="0" type="cond" truecount="0" falsecount="2"/>
        <line num="136" count="0" type="cond" truecount="0" falsecount="1"/>
        <line num="137" count="0" type="stmt"/>
        <line num="141" count="0" type="cond" truecount="0" falsecount="2"/>
        <line num="151" count="0" type="stmt"/>
        <line num="153" count="0" type="stmt"/>
        <line num="154" count="0" type="stmt"/>
        <line num="158" count="0" type="stmt"/>
        <line num="163" count="0" type="stmt"/>
        <line num="164" count="0" type="stmt"/>
        <line num="165" count="0" type="stmt"/>
        <line num="169" count="0" type="stmt"/>
        <line num="174" count="0" type="stmt"/>
        <line num="175" count="0" type="stmt"/>
        <line num="205" count="13" type="stmt"/>
        <line num="210" count="13" type="stmt"/>
        <line num="211" count="13" type="stmt"/>
        <line num="213" count="13" type="cond" truecount="1" falsecount="0"/>
        <line num="215" count="1" type="stmt"/>
        <line num="223" count="1" type="cond" truecount="1" falsecount="1"/>
        <line num="227" count="12" type="stmt"/>
        <line num="237" count="10" type="cond" truecount="2" falsecount="0"/>
        <line num="239" count="2" type="stmt"/>
        <line num="240" count="2" type="stmt"/>
      </file>
    </package>
  </project>
</coverage>
