{"/home/frankbria/projects/frankbria-com/app/api/search/route.ts": {"path":"/home/frankbria/projects/frankbria-com/app/api/search/route.ts","statementMap":{"0":{"start":{"line":77,"column":22},"end":{"line":77,"column":26}},"1":{"start":{"line":1,"column":42},"end":{"line":1,"column":null}},"2":{"start":{"line":2,"column":29},"end":{"line":2,"column":null}},"3":{"start":{"line":5,"column":18},"end":{"line":5,"column":null}},"4":{"start":{"line":6,"column":21},"end":{"line":6,"column":null}},"5":{"start":{"line":28,"column":23},"end":{"line":28,"column":null}},"6":{"start":{"line":30,"column":2},"end":{"line":36,"column":null}},"7":{"start":{"line":43,"column":2},"end":{"line":53,"column":null}},"8":{"start":{"line":60,"column":23},"end":{"line":60,"column":51}},"9":{"start":{"line":61,"column":16},"end":{"line":61,"column":null}},"10":{"start":{"line":62,"column":15},"end":{"line":62,"column":null}},"11":{"start":{"line":64,"column":2},"end":{"line":64,"column":null}},"12":{"start":{"line":78,"column":2},"end":{"line":106,"column":null}},"13":{"start":{"line":79,"column":28},"end":{"line":79,"column":null}},"14":{"start":{"line":82,"column":4},"end":{"line":84,"column":null}},"15":{"start":{"line":83,"column":6},"end":{"line":83,"column":null}},"16":{"start":{"line":87,"column":24},"end":{"line":87,"column":null}},"17":{"start":{"line":88,"column":21},"end":{"line":88,"column":null}},"18":{"start":{"line":91,"column":4},"end":{"line":93,"column":null}},"19":{"start":{"line":92,"column":6},"end":{"line":92,"column":null}},"20":{"start":{"line":96,"column":4},"end":{"line":99,"column":null}},"21":{"start":{"line":101,"column":4},"end":{"line":101,"column":null}},"22":{"start":{"line":102,"column":4},"end":{"line":104,"column":null}}},"fnMap":{"0":{"name":"buildSearchQuery","decl":{"start":{"line":27,"column":9},"end":{"line":27,"column":26}},"loc":{"start":{"line":27,"column":53},"end":{"line":37,"column":null}}},"1":{"name":"createEmptyResponse","decl":{"start":{"line":42,"column":9},"end":{"line":42,"column":null}},"loc":{"start":{"line":42,"column":9},"end":{"line":54,"column":null}}},"2":{"name":"extractSearchParams","decl":{"start":{"line":59,"column":9},"end":{"line":59,"column":29}},"loc":{"start":{"line":59,"column":49},"end":{"line":65,"column":null}}},"3":{"name":"GET","decl":{"start":{"line":77,"column":22},"end":{"line":77,"column":26}},"loc":{"start":{"line":77,"column":46},"end":{"line":107,"column":null}}}},"branchMap":{"0":{"loc":{"start":{"line":61,"column":16},"end":{"line":61,"column":null}},"type":"binary-expr","locations":[{"start":{"line":61,"column":16},"end":{"line":61,"column":49}},{"start":{"line":61,"column":49},"end":{"line":61,"column":null}}]},"1":{"loc":{"start":{"line":62,"column":24},"end":{"line":62,"column":74}},"type":"binary-expr","locations":[{"start":{"line":62,"column":24},"end":{"line":62,"column":52}},{"start":{"line":62,"column":52},"end":{"line":62,"column":74}}]},"2":{"loc":{"start":{"line":82,"column":4},"end":{"line":84,"column":null}},"type":"if","locations":[{"start":{"line":82,"column":4},"end":{"line":84,"column":null}}]},"3":{"loc":{"start":{"line":91,"column":4},"end":{"line":93,"column":null}},"type":"if","locations":[{"start":{"line":91,"column":4},"end":{"line":93,"column":null}}]},"4":{"loc":{"start":{"line":91,"column":8},"end":{"line":91,"column":61}},"type":"binary-expr","locations":[{"start":{"line":91,"column":8},"end":{"line":91,"column":22}},{"start":{"line":91,"column":26},"end":{"line":91,"column":61}}]},"5":{"loc":{"start":{"line":97,"column":12},"end":{"line":97,"column":36}},"type":"binary-expr","locations":[{"start":{"line":97,"column":12},"end":{"line":97,"column":30}},{"start":{"line":97,"column":34},"end":{"line":97,"column":36}}]},"6":{"loc":{"start":{"line":98,"column":12},"end":{"line":98,"column":60}},"type":"binary-expr","locations":[{"start":{"line":98,"column":12},"end":{"line":98,"column":30}},{"start":{"line":98,"column":34},"end":{"line":98,"column":60}}]}},"s":{"0":16,"1":1,"2":1,"3":1,"4":1,"5":14,"6":14,"7":2,"8":16,"9":16,"10":16,"11":16,"12":16,"13":16,"14":16,"15":2,"16":14,"17":14,"18":12,"19":1,"20":11,"21":3,"22":3},"f":{"0":14,"1":2,"2":16,"3":16},"b":{"0":[16,2],"1":[16,14],"2":[2],"3":[1],"4":[12,11],"5":[11,0],"6":[11,0]}}
,"/home/frankbria/projects/frankbria-com/app/blog/[slug]/page.tsx": {"path":"/home/frankbria/projects/frankbria-com/app/blog/[slug]/page.tsx","statementMap":{"0":{"start":{"line":22,"column":30},"end":{"line":22,"column":39}},"1":{"start":{"line":128,"column":22},"end":{"line":128,"column":39}},"2":{"start":{"line":12,"column":22},"end":{"line":12,"column":null}},"3":{"start":{"line":10,"column":13},"end":{"line":10,"column":26}},"4":{"start":{"line":1,"column":60},"end":{"line":1,"column":null}},"5":{"start":{"line":2,"column":25},"end":{"line":2,"column":null}},"6":{"start":{"line":3,"column":28},"end":{"line":3,"column":null}},"7":{"start":{"line":4,"column":29},"end":{"line":4,"column":null}},"8":{"start":{"line":5,"column":19},"end":{"line":5,"column":null}},"9":{"start":{"line":6,"column":19},"end":{"line":6,"column":null}},"10":{"start":{"line":7,"column":17},"end":{"line":7,"column":null}},"11":{"start":{"line":8,"column":21},"end":{"line":8,"column":null}},"12":{"start":{"line":10,"column":26},"end":{"line":10,"column":32}},"13":{"start":{"line":13,"column":16},"end":{"line":13,"column":null}},"14":{"start":{"line":15,"column":2},"end":{"line":19,"column":null}},"15":{"start":{"line":16,"column":27},"end":{"line":16,"column":null}},"16":{"start":{"line":17,"column":25},"end":{"line":19,"column":null}},"17":{"start":{"line":23,"column":19},"end":{"line":23,"column":null}},"18":{"start":{"line":24,"column":15},"end":{"line":24,"column":null}},"19":{"start":{"line":26,"column":2},"end":{"line":28,"column":null}},"20":{"start":{"line":27,"column":4},"end":{"line":27,"column":null}},"21":{"start":{"line":30,"column":25},"end":{"line":30,"column":null}},"22":{"start":{"line":33,"column":22},"end":{"line":33,"column":76}},"23":{"start":{"line":33,"column":63},"end":{"line":33,"column":69}},"24":{"start":{"line":34,"column":23},"end":{"line":34,"column":null}},"25":{"start":{"line":37,"column":19},"end":{"line":37,"column":55}},"26":{"start":{"line":53,"column":20},"end":{"line":54,"column":null}},"27":{"start":{"line":129,"column":19},"end":{"line":129,"column":null}},"28":{"start":{"line":130,"column":15},"end":{"line":130,"column":null}},"29":{"start":{"line":132,"column":2},"end":{"line":136,"column":null}},"30":{"start":{"line":133,"column":4},"end":{"line":135,"column":null}},"31":{"start":{"line":138,"column":2},"end":{"line":141,"column":null}}},"fnMap":{"0":{"name":"generateStaticParams","decl":{"start":{"line":12,"column":22},"end":{"line":12,"column":null}},"loc":{"start":{"line":12,"column":22},"end":{"line":20,"column":null}}},"1":{"name":"(anonymous_7)","decl":{"start":{"line":16,"column":12},"end":{"line":16,"column":13}},"loc":{"start":{"line":16,"column":27},"end":{"line":16,"column":null}}},"2":{"name":"(anonymous_8)","decl":{"start":{"line":17,"column":9},"end":{"line":17,"column":10}},"loc":{"start":{"line":17,"column":25},"end":{"line":19,"column":null}}},"3":{"name":"BlogPost","decl":{"start":{"line":22,"column":30},"end":{"line":22,"column":39}},"loc":{"start":{"line":22,"column":88},"end":{"line":126,"column":null}}},"4":{"name":"(anonymous_10)","decl":{"start":{"line":33,"column":49},"end":{"line":33,"column":50}},"loc":{"start":{"line":33,"column":63},"end":{"line":33,"column":69}}},"5":{"name":"(anonymous_11)","decl":{"start":{"line":52,"column":45},"end":{"line":52,"column":46}},"loc":{"start":{"line":53,"column":20},"end":{"line":54,"column":null}}},"6":{"name":"generateMetadata","decl":{"start":{"line":128,"column":22},"end":{"line":128,"column":39}},"loc":{"start":{"line":128,"column":88},"end":{"line":142,"column":null}}}},"branchMap":{"0":{"loc":{"start":{"line":26,"column":2},"end":{"line":28,"column":null}},"type":"if","locations":[{"start":{"line":26,"column":2},"end":{"line":28,"column":null}}]},"1":{"loc":{"start":{"line":33,"column":22},"end":{"line":33,"column":76}},"type":"binary-expr","locations":[{"start":{"line":33,"column":22},"end":{"line":33,"column":74}},{"start":{"line":33,"column":74},"end":{"line":33,"column":76}}]},"2":{"loc":{"start":{"line":48,"column":13},"end":{"line":48,"column":34}},"type":"binary-expr","locations":[{"start":{"line":48,"column":13},"end":{"line":48,"column":34}},{"start":{"line":48,"column":38},"end":{"line":48,"column":null}}]},"3":{"loc":{"start":{"line":132,"column":2},"end":{"line":136,"column":null}},"type":"if","locations":[{"start":{"line":132,"column":2},"end":{"line":136,"column":null}}]},"4":{"loc":{"start":{"line":139,"column":11},"end":{"line":139,"column":60}},"type":"binary-expr","locations":[{"start":{"line":139,"column":11},"end":{"line":139,"column":35}},{"start":{"line":139,"column":39},"end":{"line":139,"column":60}}]},"5":{"loc":{"start":{"line":140,"column":17},"end":{"line":140,"column":74}},"type":"binary-expr","locations":[{"start":{"line":140,"column":17},"end":{"line":140,"column":47}},{"start":{"line":140,"column":51},"end":{"line":140,"column":74}}]}},"s":{"0":32,"1":0,"2":0,"3":0,"4":1,"5":1,"6":1,"7":1,"8":1,"9":1,"10":1,"11":1,"12":1,"13":0,"14":0,"15":0,"16":0,"17":32,"18":32,"19":32,"20":0,"21":32,"22":32,"23":32,"24":32,"25":32,"26":32,"27":0,"28":0,"29":0,"30":0,"31":0},"f":{"0":0,"1":0,"2":0,"3":32,"4":32,"5":32,"6":0},"b":{"0":[0],"1":[32,0],"2":[32,32],"3":[0],"4":[0,0],"5":[0,0]}}
,"/home/frankbria/projects/frankbria-com/components/CookieConsent.tsx": {"path":"/home/frankbria/projects/frankbria-com/components/CookieConsent.tsx","statementMap":{"0":{"start":{"line":144,"column":0},"end":{"line":144,"column":15}},"1":{"start":{"line":41,"column":18},"end":{"line":41,"column":null}},"2":{"start":{"line":42,"column":32},"end":{"line":42,"column":null}},"3":{"start":{"line":45,"column":20},"end":{"line":45,"column":null}},"4":{"start":{"line":46,"column":27},"end":{"line":46,"column":null}},"5":{"start":{"line":49,"column":15},"end":{"line":54,"column":null}},"6":{"start":{"line":57,"column":45},"end":{"line":64,"column":null}},"7":{"start":{"line":72,"column":32},"end":{"line":142,"column":null}},"8":{"start":{"line":144,"column":15},"end":{"line":144,"column":null}}},"fnMap":{"0":{"name":"(anonymous_2)","decl":{"start":{"line":72,"column":32},"end":{"line":72,"column":null}},"loc":{"start":{"line":72,"column":32},"end":{"line":142,"column":null}}}},"branchMap":{},"s":{"0":57,"1":2,"2":2,"3":2,"4":2,"5":2,"6":2,"7":2,"8":2},"f":{"0":57},"b":{}}
,"/home/frankbria/projects/frankbria-com/components/Header.tsx": {"path":"/home/frankbria/projects/frankbria-com/components/Header.tsx","statementMap":{"0":{"start":{"line":6,"column":24},"end":{"line":6,"column":null}},"1":{"start":{"line":1,"column":17},"end":{"line":1,"column":null}},"2":{"start":{"line":2,"column":18},"end":{"line":2,"column":null}},"3":{"start":{"line":3,"column":29},"end":{"line":3,"column":null}},"4":{"start":{"line":4,"column":27},"end":{"line":4,"column":null}}},"fnMap":{"0":{"name":"Header","decl":{"start":{"line":6,"column":24},"end":{"line":6,"column":null}},"loc":{"start":{"line":6,"column":24},"end":{"line":41,"column":null}}}},"branchMap":{},"s":{"0":26,"1":1,"2":1,"3":1,"4":1},"f":{"0":26},"b":{}}
,"/home/frankbria/projects/frankbria-com/components/RelatedPosts.tsx": {"path":"/home/frankbria/projects/frankbria-com/components/RelatedPosts.tsx","statementMap":{"0":{"start":{"line":51,"column":16},"end":{"line":51,"column":29}},"1":{"start":{"line":1,"column":17},"end":{"line":1,"column":null}},"2":{"start":{"line":2,"column":18},"end":{"line":2,"column":null}},"3":{"start":{"line":3,"column":23},"end":{"line":3,"column":null}},"4":{"start":{"line":52,"column":2},"end":{"line":54,"column":null}},"5":{"start":{"line":53,"column":4},"end":{"line":53,"column":null}},"6":{"start":{"line":61,"column":33},"end":{"line":61,"column":null}},"7":{"start":{"line":62,"column":27},"end":{"line":62,"column":null}},"8":{"start":{"line":64,"column":10},"end":{"line":66,"column":null}}},"fnMap":{"0":{"name":"RelatedPosts","decl":{"start":{"line":51,"column":16},"end":{"line":51,"column":29}},"loc":{"start":{"line":51,"column":57},"end":{"line":105,"column":null}}},"1":{"name":"(anonymous_3)","decl":{"start":{"line":60,"column":19},"end":{"line":60,"column":20}},"loc":{"start":{"line":60,"column":20},"end":{"line":101,"column":null}}}},"branchMap":{"0":{"loc":{"start":{"line":52,"column":2},"end":{"line":54,"column":null}},"type":"if","locations":[{"start":{"line":52,"column":2},"end":{"line":54,"column":null}}]},"1":{"loc":{"start":{"line":62,"column":27},"end":{"line":62,"column":null}},"type":"binary-expr","locations":[{"start":{"line":62,"column":27},"end":{"line":62,"column":60}},{"start":{"line":62,"column":60},"end":{"line":62,"column":null}}]},"2":{"loc":{"start":{"line":91,"column":19},"end":{"line":91,"column":40}},"type":"binary-expr","locations":[{"start":{"line":91,"column":19},"end":{"line":91,"column":40}},{"start":{"line":91,"column":44},"end":{"line":91,"column":null}}]}},"s":{"0":29,"1":1,"2":1,"3":1,"4":29,"5":1,"6":75,"7":75,"8":75},"f":{"0":29,"1":75},"b":{"0":[1],"1":[75,1],"2":[75,74]}}
,"/home/frankbria/projects/frankbria-com/components/mobile/MobileMenu.tsx": {"path":"/home/frankbria/projects/frankbria-com/components/mobile/MobileMenu.tsx","statementMap":{"0":{"start":{"line":53,"column":16},"end":{"line":53,"column":null}},"1":{"start":{"line":21,"column":25},"end":{"line":21,"column":null}},"2":{"start":{"line":22,"column":17},"end":{"line":22,"column":null}},"3":{"start":{"line":23,"column":21},"end":{"line":23,"column":null}},"4":{"start":{"line":24,"column":48},"end":{"line":24,"column":null}},"5":{"start":{"line":25,"column":23},"end":{"line":25,"column":null}},"6":{"start":{"line":39,"column":31},"end":{"line":42,"column":null}},"7":{"start":{"line":54,"column":26},"end":{"line":54,"column":null}},"8":{"start":{"line":59,"column":21},"end":{"line":59,"column":null}},"9":{"start":{"line":59,"column":27},"end":{"line":59,"column":null}},"10":{"start":{"line":64,"column":22},"end":{"line":64,"column":null}},"11":{"start":{"line":64,"column":28},"end":{"line":64,"column":null}},"12":{"start":{"line":69,"column":26},"end":{"line":69,"column":null}},"13":{"start":{"line":69,"column":32},"end":{"line":69,"column":null}},"14":{"start":{"line":91,"column":14},"end":{"line":92,"column":null}}},"fnMap":{"0":{"name":"MobileMenu","decl":{"start":{"line":53,"column":16},"end":{"line":53,"column":null}},"loc":{"start":{"line":53,"column":16},"end":{"line":105,"column":null}}},"1":{"name":"(anonymous_3)","decl":{"start":{"line":59,"column":21},"end":{"line":59,"column":27}},"loc":{"start":{"line":59,"column":27},"end":{"line":59,"column":null}}},"2":{"name":"(anonymous_4)","decl":{"start":{"line":64,"column":22},"end":{"line":64,"column":28}},"loc":{"start":{"line":64,"column":28},"end":{"line":64,"column":null}}},"3":{"name":"(anonymous_5)","decl":{"start":{"line":69,"column":26},"end":{"line":69,"column":32}},"loc":{"start":{"line":69,"column":32},"end":{"line":69,"column":null}}},"4":{"name":"(anonymous_6)","decl":{"start":{"line":90,"column":28},"end":{"line":90,"column":29}},"loc":{"start":{"line":91,"column":14},"end":{"line":92,"column":null}}}},"branchMap":{},"s":{"0":68,"1":2,"2":2,"3":2,"4":2,"5":2,"6":2,"7":115,"8":115,"9":40,"10":115,"11":4,"12":115,"13":2,"14":230},"f":{"0":115,"1":40,"2":4,"3":2,"4":230},"b":{}}
,"/home/frankbria/projects/frankbria-com/components/search/SearchDialog.tsx": {"path":"/home/frankbria/projects/frankbria-com/components/search/SearchDialog.tsx","statementMap":{"0":{"start":{"line":97,"column":16},"end":{"line":97,"column":null}},"1":{"start":{"line":3,"column":49},"end":{"line":3,"column":null}},"2":{"start":{"line":4,"column":23},"end":{"line":4,"column":null}},"3":{"start":{"line":5,"column":38},"end":{"line":5,"column":null}},"4":{"start":{"line":6,"column":22},"end":{"line":6,"column":null}},"5":{"start":{"line":7,"column":23},"end":{"line":7,"column":null}},"6":{"start":{"line":8,"column":44},"end":{"line":8,"column":null}},"7":{"start":{"line":11,"column":23},"end":{"line":11,"column":null}},"8":{"start":{"line":12,"column":20},"end":{"line":12,"column":null}},"9":{"start":{"line":16,"column":28},"end":{"line":16,"column":null}},"10":{"start":{"line":17,"column":32},"end":{"line":17,"column":null}},"11":{"start":{"line":18,"column":32},"end":{"line":18,"column":null}},"12":{"start":{"line":20,"column":2},"end":{"line":47,"column":null}},"13":{"start":{"line":21,"column":4},"end":{"line":24,"column":null}},"14":{"start":{"line":22,"column":6},"end":{"line":22,"column":null}},"15":{"start":{"line":23,"column":6},"end":{"line":23,"column":null}},"16":{"start":{"line":26,"column":22},"end":{"line":44,"column":null}},"17":{"start":{"line":27,"column":6},"end":{"line":27,"column":null}},"18":{"start":{"line":28,"column":6},"end":{"line":43,"column":null}},"19":{"start":{"line":29,"column":20},"end":{"line":29,"column":84}},"20":{"start":{"line":30,"column":25},"end":{"line":30,"column":null}},"21":{"start":{"line":32,"column":8},"end":{"line":37,"column":null}},"22":{"start":{"line":33,"column":23},"end":{"line":33,"column":null}},"23":{"start":{"line":34,"column":10},"end":{"line":34,"column":null}},"24":{"start":{"line":36,"column":10},"end":{"line":36,"column":null}},"25":{"start":{"line":39,"column":8},"end":{"line":39,"column":null}},"26":{"start":{"line":40,"column":8},"end":{"line":40,"column":null}},"27":{"start":{"line":42,"column":8},"end":{"line":42,"column":null}},"28":{"start":{"line":46,"column":4},"end":{"line":46,"column":null}},"29":{"start":{"line":46,"column":17},"end":{"line":46,"column":null}},"30":{"start":{"line":49,"column":22},"end":{"line":52,"column":null}},"31":{"start":{"line":50,"column":4},"end":{"line":50,"column":null}},"32":{"start":{"line":51,"column":4},"end":{"line":51,"column":null}},"33":{"start":{"line":54,"column":2},"end":{"line":60,"column":null}},"34":{"start":{"line":65,"column":2},"end":{"line":75,"column":null}},"35":{"start":{"line":66,"column":26},"end":{"line":71,"column":null}},"36":{"start":{"line":67,"column":6},"end":{"line":70,"column":null}},"37":{"start":{"line":68,"column":8},"end":{"line":68,"column":null}},"38":{"start":{"line":69,"column":8},"end":{"line":69,"column":null}},"39":{"start":{"line":73,"column":4},"end":{"line":73,"column":null}},"40":{"start":{"line":74,"column":4},"end":{"line":74,"column":null}},"41":{"start":{"line":74,"column":17},"end":{"line":74,"column":null}},"42":{"start":{"line":80,"column":2},"end":{"line":80,"column":null}},"43":{"start":{"line":80,"column":37},"end":{"line":80,"column":null}},"44":{"start":{"line":82,"column":16},"end":{"line":82,"column":null}},"45":{"start":{"line":83,"column":2},"end":{"line":83,"column":null}},"46":{"start":{"line":98,"column":30},"end":{"line":98,"column":null}},"47":{"start":{"line":99,"column":61},"end":{"line":99,"column":null}},"48":{"start":{"line":102,"column":21},"end":{"line":102,"column":null}},"49":{"start":{"line":102,"column":39},"end":{"line":102,"column":56}},"50":{"start":{"line":103,"column":2},"end":{"line":103,"column":null}},"51":{"start":{"line":106,"column":22},"end":{"line":109,"column":null}},"52":{"start":{"line":107,"column":4},"end":{"line":107,"column":null}},"53":{"start":{"line":108,"column":4},"end":{"line":108,"column":null}},"54":{"start":{"line":112,"column":27},"end":{"line":120,"column":null}},"55":{"start":{"line":114,"column":6},"end":{"line":118,"column":null}},"56":{"start":{"line":115,"column":8},"end":{"line":115,"column":null}},"57":{"start":{"line":117,"column":8},"end":{"line":117,"column":null}},"58":{"start":{"line":124,"column":28},"end":{"line":126,"column":null}},"59":{"start":{"line":125,"column":4},"end":{"line":125,"column":null}},"60":{"start":{"line":128,"column":22},"end":{"line":128,"column":null}},"61":{"start":{"line":154,"column":31},"end":{"line":154,"column":null}}},"fnMap":{"0":{"name":"useSearch","decl":{"start":{"line":15,"column":9},"end":{"line":15,"column":null}},"loc":{"start":{"line":15,"column":9},"end":{"line":61,"column":null}}},"1":{"name":"(anonymous_2)","decl":{"start":{"line":20,"column":12},"end":{"line":20,"column":null}},"loc":{"start":{"line":20,"column":12},"end":{"line":47,"column":5}}},"2":{"name":"(anonymous_3)","decl":{"start":{"line":26,"column":33},"end":{"line":26,"column":null}},"loc":{"start":{"line":26,"column":33},"end":{"line":44,"column":7}}},"3":{"name":"(anonymous_4)","decl":{"start":{"line":46,"column":11},"end":{"line":46,"column":17}},"loc":{"start":{"line":46,"column":17},"end":{"line":46,"column":null}}},"4":{"name":"(anonymous_5)","decl":{"start":{"line":49,"column":34},"end":{"line":49,"column":null}},"loc":{"start":{"line":49,"column":34},"end":{"line":52,"column":5}}},"5":{"name":"useKeyboardShortcut","decl":{"start":{"line":64,"column":9},"end":{"line":64,"column":29}},"loc":{"start":{"line":64,"column":49},"end":{"line":76,"column":null}}},"6":{"name":"(anonymous_7)","decl":{"start":{"line":65,"column":12},"end":{"line":65,"column":null}},"loc":{"start":{"line":65,"column":12},"end":{"line":75,"column":5}}},"7":{"name":"(anonymous_8)","decl":{"start":{"line":66,"column":26},"end":{"line":66,"column":27}},"loc":{"start":{"line":66,"column":27},"end":{"line":71,"column":null}}},"8":{"name":"(anonymous_9)","decl":{"start":{"line":74,"column":11},"end":{"line":74,"column":17}},"loc":{"start":{"line":74,"column":17},"end":{"line":74,"column":null}}},"9":{"name":"getKeyboardShortcutLabel","decl":{"start":{"line":79,"column":9},"end":{"line":79,"column":null}},"loc":{"start":{"line":79,"column":9},"end":{"line":84,"column":null}}},"10":{"name":"SearchDialog","decl":{"start":{"line":97,"column":16},"end":{"line":97,"column":null}},"loc":{"start":{"line":97,"column":16},"end":{"line":170,"column":null}}},"11":{"name":"(anonymous_12)","decl":{"start":{"line":102,"column":33},"end":{"line":102,"column":39}},"loc":{"start":{"line":102,"column":39},"end":{"line":102,"column":56}}},"12":{"name":"(anonymous_13)","decl":{"start":{"line":106,"column":34},"end":{"line":106,"column":null}},"loc":{"start":{"line":106,"column":34},"end":{"line":109,"column":5}}},"13":{"name":"(anonymous_14)","decl":{"start":{"line":113,"column":4},"end":{"line":113,"column":5}},"loc":{"start":{"line":113,"column":5},"end":{"line":119,"column":null}}},"14":{"name":"(anonymous_15)","decl":{"start":{"line":124,"column":40},"end":{"line":124,"column":null}},"loc":{"start":{"line":124,"column":40},"end":{"line":126,"column":5}}},"15":{"name":"(anonymous_16)","decl":{"start":{"line":154,"column":24},"end":{"line":154,"column":25}},"loc":{"start":{"line":154,"column":31},"end":{"line":154,"column":null}}}},"branchMap":{"0":{"loc":{"start":{"line":21,"column":4},"end":{"line":24,"column":null}},"type":"if","locations":[{"start":{"line":21,"column":4},"end":{"line":24,"column":null}}]},"1":{"loc":{"start":{"line":32,"column":8},"end":{"line":37,"column":null}},"type":"if","locations":[{"start":{"line":32,"column":8},"end":{"line":37,"column":null}},{"start":{"line":35,"column":15},"end":{"line":37,"column":null}}]},"2":{"loc":{"start":{"line":34,"column":21},"end":{"line":34,"column":36}},"type":"binary-expr","locations":[{"start":{"line":34,"column":21},"end":{"line":34,"column":30}},{"start":{"line":34,"column":34},"end":{"line":34,"column":36}}]},"3":{"loc":{"start":{"line":67,"column":6},"end":{"line":70,"column":null}},"type":"if","locations":[{"start":{"line":67,"column":6},"end":{"line":70,"column":null}}]},"4":{"loc":{"start":{"line":67,"column":10},"end":{"line":67,"column":53}},"type":"binary-expr","locations":[{"start":{"line":67,"column":11},"end":{"line":67,"column":20}},{"start":{"line":67,"column":24},"end":{"line":67,"column":32}},{"start":{"line":67,"column":38},"end":{"line":67,"column":53}}]},"5":{"loc":{"start":{"line":80,"column":2},"end":{"line":80,"column":null}},"type":"if","locations":[{"start":{"line":80,"column":2},"end":{"line":80,"column":null}}]},"6":{"loc":{"start":{"line":83,"column":9},"end":{"line":83,"column":null}},"type":"cond-expr","locations":[{"start":{"line":83,"column":17},"end":{"line":83,"column":24}},{"start":{"line":83,"column":24},"end":{"line":83,"column":null}}]},"7":{"loc":{"start":{"line":114,"column":6},"end":{"line":118,"column":null}},"type":"if","locations":[{"start":{"line":114,"column":6},"end":{"line":118,"column":null}},{"start":{"line":116,"column":13},"end":{"line":118,"column":null}}]}},"s":{"0":78,"1":2,"2":2,"3":2,"4":2,"5":2,"6":2,"7":2,"8":2,"9":262,"10":262,"11":262,"12":262,"13":150,"14":83,"15":83,"16":67,"17":12,"18":12,"19":12,"20":12,"21":11,"22":10,"23":10,"24":1,"25":1,"26":1,"27":12,"28":67,"29":67,"30":262,"31":4,"32":4,"33":262,"34":262,"35":78,"36":78,"37":2,"38":2,"39":78,"40":78,"41":78,"42":262,"43":0,"44":262,"45":262,"46":262,"47":262,"48":262,"49":23,"50":262,"51":262,"52":4,"53":4,"54":262,"55":3,"56":3,"57":0,"58":262,"59":1,"60":262,"61":70},"f":{"0":262,"1":150,"2":12,"3":67,"4":4,"5":262,"6":78,"7":78,"8":78,"9":262,"10":262,"11":23,"12":4,"13":3,"14":1,"15":70},"b":{"0":[83],"1":[10,1],"2":[10,0],"3":[2],"4":[78,76,4],"5":[0],"6":[0,262],"7":[3,0]}}
,"/home/frankbria/projects/frankbria-com/components/search/SearchResults.tsx": {"path":"/home/frankbria/projects/frankbria-com/components/search/SearchResults.tsx","statementMap":{"0":{"start":{"line":126,"column":16},"end":{"line":126,"column":30}},"1":{"start":{"line":3,"column":17},"end":{"line":3,"column":null}},"2":{"start":{"line":4,"column":24},"end":{"line":4,"column":null}},"3":{"start":{"line":5,"column":23},"end":{"line":5,"column":null}},"4":{"start":{"line":59,"column":2},"end":{"line":61,"column":null}},"5":{"start":{"line":60,"column":4},"end":{"line":60,"column":null}},"6":{"start":{"line":68,"column":10},"end":{"line":69,"column":null}},"7":{"start":{"line":89,"column":2},"end":{"line":91,"column":null}},"8":{"start":{"line":133,"column":2},"end":{"line":135,"column":null}},"9":{"start":{"line":134,"column":4},"end":{"line":134,"column":null}},"10":{"start":{"line":138,"column":2},"end":{"line":140,"column":null}},"11":{"start":{"line":139,"column":4},"end":{"line":139,"column":null}},"12":{"start":{"line":143,"column":2},"end":{"line":145,"column":null}},"13":{"start":{"line":151,"column":8},"end":{"line":152,"column":null}}},"fnMap":{"0":{"name":"LoadingState","decl":{"start":{"line":31,"column":9},"end":{"line":31,"column":null}},"loc":{"start":{"line":31,"column":9},"end":{"line":40,"column":null}}},"1":{"name":"EmptyQueryState","decl":{"start":{"line":42,"column":9},"end":{"line":42,"column":null}},"loc":{"start":{"line":42,"column":9},"end":{"line":48,"column":null}}},"2":{"name":"NoResultsState","decl":{"start":{"line":50,"column":9},"end":{"line":50,"column":24}},"loc":{"start":{"line":50,"column":52},"end":{"line":56,"column":null}}},"3":{"name":"CategoryBadges","decl":{"start":{"line":58,"column":9},"end":{"line":58,"column":24}},"loc":{"start":{"line":58,"column":66},"end":{"line":78,"column":null}}},"4":{"name":"(anonymous_6)","decl":{"start":{"line":67,"column":24},"end":{"line":67,"column":25}},"loc":{"start":{"line":68,"column":10},"end":{"line":69,"column":null}}},"5":{"name":"ResultItem","decl":{"start":{"line":80,"column":9},"end":{"line":80,"column":20}},"loc":{"start":{"line":88,"column":1},"end":{"line":113,"column":null}}},"6":{"name":"SearchResults","decl":{"start":{"line":126,"column":16},"end":{"line":126,"column":30}},"loc":{"start":{"line":131,"column":21},"end":{"line":160,"column":null}}},"7":{"name":"(anonymous_9)","decl":{"start":{"line":150,"column":19},"end":{"line":150,"column":20}},"loc":{"start":{"line":151,"column":8},"end":{"line":152,"column":null}}}},"branchMap":{"0":{"loc":{"start":{"line":59,"column":2},"end":{"line":61,"column":null}},"type":"if","locations":[{"start":{"line":59,"column":2},"end":{"line":61,"column":null}}]},"1":{"loc":{"start":{"line":59,"column":6},"end":{"line":59,"column":46}},"type":"binary-expr","locations":[{"start":{"line":59,"column":6},"end":{"line":59,"column":21}},{"start":{"line":59,"column":21},"end":{"line":59,"column":46}}]},"2":{"loc":{"start":{"line":91,"column":11},"end":{"line":91,"column":41}},"type":"binary-expr","locations":[{"start":{"line":91,"column":11},"end":{"line":91,"column":28}},{"start":{"line":91,"column":32},"end":{"line":91,"column":41}}]},"3":{"loc":{"start":{"line":133,"column":2},"end":{"line":135,"column":null}},"type":"if","locations":[{"start":{"line":133,"column":2},"end":{"line":135,"column":null}}]},"4":{"loc":{"start":{"line":138,"column":2},"end":{"line":140,"column":null}},"type":"if","locations":[{"start":{"line":138,"column":2},"end":{"line":140,"column":null}}]},"5":{"loc":{"start":{"line":143,"column":2},"end":{"line":145,"column":null}},"type":"if","locations":[{"start":{"line":143,"column":2},"end":{"line":145,"column":null}}]},"6":{"loc":{"start":{"line":152,"column":15},"end":{"line":152,"column":45}},"type":"binary-expr","locations":[{"start":{"line":152,"column":15},"end":{"line":152,"column":32}},{"start":{"line":152,"column":36},"end":{"line":152,"column":45}}]}},"s":{"0":286,"1":3,"2":3,"3":3,"4":36,"5":13,"6":43,"7":36,"8":124,"9":3,"10":121,"11":24,"12":97,"13":36},"f":{"0":3,"1":24,"2":74,"3":36,"4":43,"5":36,"6":124,"7":36},"b":{"0":[13],"1":[36,34],"2":[36,0],"3":[3],"4":[24],"5":[74],"6":[36,0]}}
,"/home/frankbria/projects/frankbria-com/components/ui/button.tsx": {"path":"/home/frankbria/projects/frankbria-com/components/ui/button.tsx","statementMap":{"0":{"start":{"line":8,"column":16},"end":{"line":8,"column":23}},"1":{"start":{"line":1,"column":23},"end":{"line":1,"column":null}},"2":{"start":{"line":14,"column":21},"end":{"line":14,"column":null}},"3":{"start":{"line":16,"column":19},"end":{"line":20,"column":null}},"4":{"start":{"line":22,"column":16},"end":{"line":27,"column":null}}},"fnMap":{"0":{"name":"Button","decl":{"start":{"line":8,"column":16},"end":{"line":8,"column":23}},"loc":{"start":{"line":13,"column":14},"end":{"line":35,"column":null}}}},"branchMap":{"0":{"loc":{"start":{"line":9,"column":2},"end":{"line":9,"column":16}},"type":"default-arg","locations":[{"start":{"line":9,"column":14},"end":{"line":9,"column":16}}]},"1":{"loc":{"start":{"line":10,"column":2},"end":{"line":10,"column":21}},"type":"default-arg","locations":[{"start":{"line":10,"column":12},"end":{"line":10,"column":21}}]},"2":{"loc":{"start":{"line":11,"column":2},"end":{"line":11,"column":18}},"type":"default-arg","locations":[{"start":{"line":11,"column":9},"end":{"line":11,"column":18}}]}},"s":{"0":410,"1":4,"2":408,"3":408,"4":408},"f":{"0":408},"b":{"0":[31],"1":[29],"2":[290]}}
,"/home/frankbria/projects/frankbria-com/components/ui/dialog.tsx": {"path":"/home/frankbria/projects/frankbria-com/components/ui/dialog.tsx","statementMap":{"0":{"start":{"line":12,"column":16},"end":{"line":12,"column":23}},"1":{"start":{"line":52,"column":16},"end":{"line":52,"column":28}},"2":{"start":{"line":44,"column":16},"end":{"line":44,"column":30}},"3":{"start":{"line":3,"column":23},"end":{"line":3,"column":null}},"4":{"start":{"line":4,"column":18},"end":{"line":4,"column":null}},"5":{"start":{"line":13,"column":2},"end":{"line":27,"column":null}},"6":{"start":{"line":14,"column":25},"end":{"line":16,"column":null}},"7":{"start":{"line":15,"column":6},"end":{"line":15,"column":null}},"8":{"start":{"line":15,"column":30},"end":{"line":15,"column":null}},"9":{"start":{"line":18,"column":4},"end":{"line":21,"column":null}},"10":{"start":{"line":19,"column":6},"end":{"line":19,"column":null}},"11":{"start":{"line":20,"column":6},"end":{"line":20,"column":null}},"12":{"start":{"line":23,"column":4},"end":{"line":26,"column":null}},"13":{"start":{"line":24,"column":6},"end":{"line":24,"column":null}},"14":{"start":{"line":25,"column":6},"end":{"line":25,"column":null}},"15":{"start":{"line":29,"column":2},"end":{"line":29,"column":null}},"16":{"start":{"line":29,"column":13},"end":{"line":29,"column":null}},"17":{"start":{"line":35,"column":23},"end":{"line":35,"column":null}}},"fnMap":{"0":{"name":"Dialog","decl":{"start":{"line":12,"column":16},"end":{"line":12,"column":23}},"loc":{"start":{"line":12,"column":68},"end":{"line":42,"column":null}}},"1":{"name":"(anonymous_8)","decl":{"start":{"line":13,"column":18},"end":{"line":13,"column":null}},"loc":{"start":{"line":13,"column":18},"end":{"line":27,"column":5}}},"2":{"name":"(anonymous_9)","decl":{"start":{"line":14,"column":25},"end":{"line":14,"column":26}},"loc":{"start":{"line":14,"column":26},"end":{"line":16,"column":null}}},"3":{"name":"(anonymous_10)","decl":{"start":{"line":23,"column":11},"end":{"line":23,"column":null}},"loc":{"start":{"line":23,"column":11},"end":{"line":26,"column":null}}},"4":{"name":"(anonymous_11)","decl":{"start":{"line":35,"column":17},"end":{"line":35,"column":23}},"loc":{"start":{"line":35,"column":23},"end":{"line":35,"column":null}}},"5":{"name":"DialogContent","decl":{"start":{"line":44,"column":16},"end":{"line":44,"column":30}},"loc":{"start":{"line":44,"column":73},"end":{"line":50,"column":null}}},"6":{"name":"DialogClose","decl":{"start":{"line":52,"column":16},"end":{"line":52,"column":28}},"loc":{"start":{"line":52,"column":64},"end":{"line":62,"column":null}}}},"branchMap":{"0":{"loc":{"start":{"line":15,"column":6},"end":{"line":15,"column":null}},"type":"if","locations":[{"start":{"line":15,"column":6},"end":{"line":15,"column":null}}]},"1":{"loc":{"start":{"line":18,"column":4},"end":{"line":21,"column":null}},"type":"if","locations":[{"start":{"line":18,"column":4},"end":{"line":21,"column":null}}]},"2":{"loc":{"start":{"line":29,"column":2},"end":{"line":29,"column":null}},"type":"if","locations":[{"start":{"line":29,"column":2},"end":{"line":29,"column":null}}]}},"s":{"0":310,"1":7,"2":277,"3":3,"4":3,"5":310,"6":153,"7":75,"8":4,"9":153,"10":60,"11":60,"12":153,"13":153,"14":153,"15":310,"16":173,"17":2},"f":{"0":310,"1":153,"2":75,"3":153,"4":2,"5":115,"6":7},"b":{"0":[4],"1":[60],"2":[173]}}
,"/home/frankbria/projects/frankbria-com/components/ui/input.tsx": {"path":"/home/frankbria/projects/frankbria-com/components/ui/input.tsx","statementMap":{"0":{"start":{"line":6,"column":16},"end":{"line":6,"column":22}},"1":{"start":{"line":1,"column":23},"end":{"line":1,"column":null}}},"fnMap":{"0":{"name":"Input","decl":{"start":{"line":6,"column":16},"end":{"line":6,"column":22}},"loc":{"start":{"line":6,"column":77},"end":{"line":14,"column":null}}}},"branchMap":{"0":{"loc":{"start":{"line":6,"column":24},"end":{"line":6,"column":38}},"type":"default-arg","locations":[{"start":{"line":6,"column":36},"end":{"line":6,"column":38}}]},"1":{"loc":{"start":{"line":6,"column":40},"end":{"line":6,"column":53}},"type":"default-arg","locations":[{"start":{"line":6,"column":47},"end":{"line":6,"column":53}}]}},"s":{"0":318,"1":3},"f":{"0":156},"b":{"0":[54],"1":[47]}}
,"/home/frankbria/projects/frankbria-com/components/ui/sheet.tsx": {"path":"/home/frankbria/projects/frankbria-com/components/ui/sheet.tsx","statementMap":{"0":{"start":{"line":13,"column":16},"end":{"line":13,"column":22}},"1":{"start":{"line":61,"column":16},"end":{"line":61,"column":27}},"2":{"start":{"line":57,"column":16},"end":{"line":57,"column":29}},"3":{"start":{"line":3,"column":23},"end":{"line":3,"column":null}},"4":{"start":{"line":4,"column":18},"end":{"line":4,"column":null}},"5":{"start":{"line":19,"column":2},"end":{"line":33,"column":null}},"6":{"start":{"line":20,"column":25},"end":{"line":22,"column":null}},"7":{"start":{"line":21,"column":6},"end":{"line":21,"column":null}},"8":{"start":{"line":21,"column":30},"end":{"line":21,"column":null}},"9":{"start":{"line":24,"column":4},"end":{"line":27,"column":null}},"10":{"start":{"line":25,"column":6},"end":{"line":25,"column":null}},"11":{"start":{"line":26,"column":6},"end":{"line":26,"column":null}},"12":{"start":{"line":29,"column":4},"end":{"line":32,"column":null}},"13":{"start":{"line":30,"column":6},"end":{"line":30,"column":null}},"14":{"start":{"line":31,"column":6},"end":{"line":31,"column":null}},"15":{"start":{"line":35,"column":2},"end":{"line":35,"column":null}},"16":{"start":{"line":35,"column":13},"end":{"line":35,"column":null}},"17":{"start":{"line":37,"column":22},"end":{"line":40,"column":null}},"18":{"start":{"line":46,"column":23},"end":{"line":46,"column":null}}},"fnMap":{"0":{"name":"Sheet","decl":{"start":{"line":13,"column":16},"end":{"line":13,"column":22}},"loc":{"start":{"line":18,"column":13},"end":{"line":55,"column":null}}},"1":{"name":"(anonymous_8)","decl":{"start":{"line":19,"column":18},"end":{"line":19,"column":null}},"loc":{"start":{"line":19,"column":18},"end":{"line":33,"column":5}}},"2":{"name":"(anonymous_9)","decl":{"start":{"line":20,"column":25},"end":{"line":20,"column":26}},"loc":{"start":{"line":20,"column":26},"end":{"line":22,"column":null}}},"3":{"name":"(anonymous_10)","decl":{"start":{"line":29,"column":11},"end":{"line":29,"column":null}},"loc":{"start":{"line":29,"column":11},"end":{"line":32,"column":null}}},"4":{"name":"(anonymous_11)","decl":{"start":{"line":46,"column":17},"end":{"line":46,"column":23}},"loc":{"start":{"line":46,"column":23},"end":{"line":46,"column":null}}},"5":{"name":"SheetContent","decl":{"start":{"line":57,"column":16},"end":{"line":57,"column":29}},"loc":{"start":{"line":57,"column":72},"end":{"line":59,"column":null}}},"6":{"name":"SheetClose","decl":{"start":{"line":61,"column":16},"end":{"line":61,"column":27}},"loc":{"start":{"line":61,"column":63},"end":{"line":71,"column":null}}}},"branchMap":{"0":{"loc":{"start":{"line":16,"column":2},"end":{"line":16,"column":16}},"type":"default-arg","locations":[{"start":{"line":16,"column":9},"end":{"line":16,"column":16}}]},"1":{"loc":{"start":{"line":21,"column":6},"end":{"line":21,"column":null}},"type":"if","locations":[{"start":{"line":21,"column":6},"end":{"line":21,"column":null}}]},"2":{"loc":{"start":{"line":24,"column":4},"end":{"line":27,"column":null}},"type":"if","locations":[{"start":{"line":24,"column":4},"end":{"line":27,"column":null}}]},"3":{"loc":{"start":{"line":35,"column":2},"end":{"line":35,"column":null}},"type":"if","locations":[{"start":{"line":35,"column":2},"end":{"line":35,"column":null}}]}},"s":{"0":174,"1":123,"2":132,"3":3,"4":3,"5":172,"6":172,"7":5,"8":3,"9":172,"10":85,"11":85,"12":172,"13":172,"14":172,"15":172,"16":87,"17":85,"18":2},"f":{"0":172,"1":172,"2":5,"3":172,"4":2,"5":54,"6":45},"b":{"0":[53],"1":[3],"2":[85],"3":[87]}}
,"/home/frankbria/projects/frankbria-com/lib/strapi.ts": {"path":"/home/frankbria/projects/frankbria-com/lib/strapi.ts","statementMap":{"0":{"start":{"line":119,"column":22},"end":{"line":119,"column":null}},"1":{"start":{"line":97,"column":22},"end":{"line":97,"column":null}},"2":{"start":{"line":19,"column":22},"end":{"line":19,"column":null}},"3":{"start":{"line":130,"column":22},"end":{"line":130,"column":40}},"4":{"start":{"line":107,"column":22},"end":{"line":107,"column":36}},"5":{"start":{"line":31,"column":22},"end":{"line":31,"column":40}},"6":{"start":{"line":58,"column":22},"end":{"line":58,"column":36}},"7":{"start":{"line":158,"column":22},"end":{"line":158,"column":null}},"8":{"start":{"line":205,"column":22},"end":{"line":205,"column":null}},"9":{"start":{"line":17,"column":13},"end":{"line":17,"column":28}},"10":{"start":{"line":1,"column":18},"end":{"line":1,"column":null}},"11":{"start":{"line":5,"column":20},"end":{"line":5,"column":null}},"12":{"start":{"line":6,"column":22},"end":{"line":6,"column":null}},"13":{"start":{"line":8,"column":2},"end":{"line":13,"column":null}},"14":{"start":{"line":17,"column":28},"end":{"line":17,"column":null}},"15":{"start":{"line":20,"column":2},"end":{"line":28,"column":null}},"16":{"start":{"line":22,"column":19},"end":{"line":22,"column":null}},"17":{"start":{"line":23,"column":21},"end":{"line":23,"column":null}},"18":{"start":{"line":24,"column":4},"end":{"line":24,"column":null}},"19":{"start":{"line":26,"column":4},"end":{"line":26,"column":null}},"20":{"start":{"line":27,"column":4},"end":{"line":27,"column":null}},"21":{"start":{"line":32,"column":2},"end":{"line":55,"column":null}},"22":{"start":{"line":33,"column":19},"end":{"line":33,"column":null}},"23":{"start":{"line":34,"column":21},"end":{"line":35,"column":null}},"24":{"start":{"line":38,"column":4},"end":{"line":41,"column":null}},"25":{"start":{"line":43,"column":4},"end":{"line":43,"column":null}},"26":{"start":{"line":44,"column":4},"end":{"line":54,"column":null}},"27":{"start":{"line":59,"column":2},"end":{"line":94,"column":null}},"28":{"start":{"line":60,"column":21},"end":{"line":60,"column":null}},"29":{"start":{"line":61,"column":20},"end":{"line":61,"column":null}},"30":{"start":{"line":63,"column":4},"end":{"line":65,"column":null}},"31":{"start":{"line":64,"column":6},"end":{"line":64,"column":null}},"32":{"start":{"line":69,"column":17},"end":{"line":88,"column":null}},"33":{"start":{"line":90,"column":4},"end":{"line":90,"column":null}},"34":{"start":{"line":92,"column":4},"end":{"line":92,"column":null}},"35":{"start":{"line":93,"column":4},"end":{"line":93,"column":null}},"36":{"start":{"line":98,"column":2},"end":{"line":104,"column":null}},"37":{"start":{"line":99,"column":21},"end":{"line":99,"column":null}},"38":{"start":{"line":100,"column":4},"end":{"line":100,"column":null}},"39":{"start":{"line":102,"column":4},"end":{"line":102,"column":null}},"40":{"start":{"line":103,"column":4},"end":{"line":103,"column":null}},"41":{"start":{"line":108,"column":2},"end":{"line":114,"column":null}},"42":{"start":{"line":109,"column":21},"end":{"line":109,"column":null}},"43":{"start":{"line":110,"column":4},"end":{"line":110,"column":null}},"44":{"start":{"line":112,"column":4},"end":{"line":112,"column":null}},"45":{"start":{"line":113,"column":4},"end":{"line":113,"column":null}},"46":{"start":{"line":120,"column":2},"end":{"line":127,"column":null}},"47":{"start":{"line":121,"column":19},"end":{"line":121,"column":null}},"48":{"start":{"line":122,"column":21},"end":{"line":122,"column":null}},"49":{"start":{"line":123,"column":4},"end":{"line":123,"column":null}},"50":{"start":{"line":125,"column":4},"end":{"line":125,"column":null}},"51":{"start":{"line":126,"column":4},"end":{"line":126,"column":null}},"52":{"start":{"line":131,"column":2},"end":{"line":155,"column":null}},"53":{"start":{"line":132,"column":19},"end":{"line":132,"column":null}},"54":{"start":{"line":133,"column":21},"end":{"line":133,"column":null}},"55":{"start":{"line":134,"column":24},"end":{"line":134,"column":null}},"56":{"start":{"line":136,"column":4},"end":{"line":138,"column":null}},"57":{"start":{"line":137,"column":6},"end":{"line":137,"column":null}},"58":{"start":{"line":141,"column":21},"end":{"line":149,"column":null}},"59":{"start":{"line":151,"column":4},"end":{"line":151,"column":null}},"60":{"start":{"line":153,"column":4},"end":{"line":153,"column":null}},"61":{"start":{"line":154,"column":4},"end":{"line":154,"column":null}},"62":{"start":{"line":163,"column":2},"end":{"line":186,"column":null}},"63":{"start":{"line":164,"column":19},"end":{"line":164,"column":null}},"64":{"start":{"line":165,"column":21},"end":{"line":166,"column":null}},"65":{"start":{"line":169,"column":4},"end":{"line":172,"column":null}},"66":{"start":{"line":174,"column":4},"end":{"line":174,"column":null}},"67":{"start":{"line":175,"column":4},"end":{"line":185,"column":null}},"68":{"start":{"line":210,"column":2},"end":{"line":241,"column":null}},"69":{"start":{"line":211,"column":19},"end":{"line":211,"column":null}},"70":{"start":{"line":213,"column":4},"end":{"line":224,"column":null}},"71":{"start":{"line":215,"column":23},"end":{"line":222,"column":null}},"72":{"start":{"line":223,"column":6},"end":{"line":223,"column":null}},"73":{"start":{"line":227,"column":21},"end":{"line":235,"column":null}},"74":{"start":{"line":237,"column":4},"end":{"line":237,"column":null}},"75":{"start":{"line":239,"column":4},"end":{"line":239,"column":null}},"76":{"start":{"line":240,"column":4},"end":{"line":240,"column":null}}},"fnMap":{"0":{"name":"getStrapiClient","decl":{"start":{"line":4,"column":9},"end":{"line":4,"column":null}},"loc":{"start":{"line":4,"column":9},"end":{"line":14,"column":null}}},"1":{"name":"getAllPosts","decl":{"start":{"line":19,"column":22},"end":{"line":19,"column":null}},"loc":{"start":{"line":19,"column":22},"end":{"line":29,"column":null}}},"2":{"name":"getPaginatedPosts","decl":{"start":{"line":31,"column":22},"end":{"line":31,"column":40}},"loc":{"start":{"line":31,"column":79},"end":{"line":56,"column":null}}},"3":{"name":"getPostBySlug","decl":{"start":{"line":58,"column":22},"end":{"line":58,"column":36}},"loc":{"start":{"line":58,"column":48},"end":{"line":95,"column":null}}},"4":{"name":"getAllPages","decl":{"start":{"line":97,"column":22},"end":{"line":97,"column":null}},"loc":{"start":{"line":97,"column":22},"end":{"line":105,"column":null}}},"5":{"name":"getPageBySlug","decl":{"start":{"line":107,"column":22},"end":{"line":107,"column":36}},"loc":{"start":{"line":107,"column":48},"end":{"line":115,"column":null}}},"6":{"name":"getAllCategories","decl":{"start":{"line":119,"column":22},"end":{"line":119,"column":null}},"loc":{"start":{"line":119,"column":22},"end":{"line":128,"column":null}}},"7":{"name":"getCategoryBySlug","decl":{"start":{"line":130,"column":22},"end":{"line":130,"column":40}},"loc":{"start":{"line":130,"column":52},"end":{"line":156,"column":null}}},"8":{"name":"getPostsByCategory","decl":{"start":{"line":158,"column":22},"end":{"line":158,"column":null}},"loc":{"start":{"line":161,"column":23},"end":{"line":187,"column":null}}},"9":{"name":"getRelatedPosts","decl":{"start":{"line":205,"column":22},"end":{"line":205,"column":null}},"loc":{"start":{"line":208,"column":19},"end":{"line":242,"column":null}}}},"branchMap":{"0":{"loc":{"start":{"line":5,"column":20},"end":{"line":5,"column":null}},"type":"binary-expr","locations":[{"start":{"line":5,"column":20},"end":{"line":5,"column":54}},{"start":{"line":5,"column":58},"end":{"line":5,"column":80}},{"start":{"line":5,"column":84},"end":{"line":5,"column":null}}]},"1":{"loc":{"start":{"line":6,"column":22},"end":{"line":6,"column":null}},"type":"binary-expr","locations":[{"start":{"line":6,"column":22},"end":{"line":6,"column":50}},{"start":{"line":6,"column":54},"end":{"line":6,"column":null}}]},"2":{"loc":{"start":{"line":31,"column":40},"end":{"line":31,"column":56}},"type":"default-arg","locations":[{"start":{"line":31,"column":55},"end":{"line":31,"column":56}}]},"3":{"loc":{"start":{"line":31,"column":58},"end":{"line":31,"column":79}},"type":"default-arg","locations":[{"start":{"line":31,"column":77},"end":{"line":31,"column":79}}]},"4":{"loc":{"start":{"line":61,"column":20},"end":{"line":61,"column":null}},"type":"binary-expr","locations":[{"start":{"line":61,"column":20},"end":{"line":61,"column":41}},{"start":{"line":61,"column":45},"end":{"line":61,"column":null}}]},"5":{"loc":{"start":{"line":63,"column":4},"end":{"line":65,"column":null}},"type":"if","locations":[{"start":{"line":63,"column":4},"end":{"line":65,"column":null}}]},"6":{"loc":{"start":{"line":69,"column":17},"end":{"line":88,"column":null}},"type":"cond-expr","locations":[{"start":{"line":69,"column":38},"end":{"line":69,"column":48}},{"start":{"line":69,"column":48},"end":{"line":88,"column":null}}]},"7":{"loc":{"start":{"line":110,"column":11},"end":{"line":110,"column":null}},"type":"binary-expr","locations":[{"start":{"line":110,"column":11},"end":{"line":110,"column":32}},{"start":{"line":110,"column":36},"end":{"line":110,"column":null}}]},"8":{"loc":{"start":{"line":134,"column":24},"end":{"line":134,"column":null}},"type":"binary-expr","locations":[{"start":{"line":134,"column":24},"end":{"line":134,"column":45}},{"start":{"line":134,"column":49},"end":{"line":134,"column":null}}]},"9":{"loc":{"start":{"line":136,"column":4},"end":{"line":138,"column":null}},"type":"if","locations":[{"start":{"line":136,"column":4},"end":{"line":138,"column":null}}]},"10":{"loc":{"start":{"line":141,"column":21},"end":{"line":149,"column":null}},"type":"cond-expr","locations":[{"start":{"line":141,"column":46},"end":{"line":141,"column":60}},{"start":{"line":141,"column":60},"end":{"line":149,"column":null}}]},"11":{"loc":{"start":{"line":147,"column":21},"end":{"line":147,"column":null}},"type":"binary-expr","locations":[{"start":{"line":147,"column":21},"end":{"line":147,"column":44}},{"start":{"line":147,"column":48},"end":{"line":147,"column":null}}]},"12":{"loc":{"start":{"line":160,"column":2},"end":{"line":160,"column":18}},"type":"default-arg","locations":[{"start":{"line":160,"column":17},"end":{"line":160,"column":18}}]},"13":{"loc":{"start":{"line":161,"column":2},"end":{"line":161,"column":23}},"type":"default-arg","locations":[{"start":{"line":161,"column":21},"end":{"line":161,"column":23}}]},"14":{"loc":{"start":{"line":208,"column":2},"end":{"line":208,"column":19}},"type":"default-arg","locations":[{"start":{"line":208,"column":18},"end":{"line":208,"column":19}}]},"15":{"loc":{"start":{"line":213,"column":4},"end":{"line":224,"column":null}},"type":"if","locations":[{"start":{"line":213,"column":4},"end":{"line":224,"column":null}}]},"16":{"loc":{"start":{"line":223,"column":13},"end":{"line":223,"column":37}},"type":"binary-expr","locations":[{"start":{"line":223,"column":13},"end":{"line":223,"column":31}},{"start":{"line":223,"column":35},"end":{"line":223,"column":37}}]},"17":{"loc":{"start":{"line":237,"column":11},"end":{"line":237,"column":35}},"type":"binary-expr","locations":[{"start":{"line":237,"column":11},"end":{"line":237,"column":29}},{"start":{"line":237,"column":33},"end":{"line":237,"column":35}}]}},"s":{"0":0,"1":0,"2":0,"3":0,"4":0,"5":0,"6":0,"7":0,"8":13,"9":0,"10":1,"11":14,"12":14,"13":14,"14":1,"15":0,"16":0,"17":0,"18":0,"19":0,"20":0,"21":0,"22":0,"23":0,"24":0,"25":0,"26":0,"27":0,"28":0,"29":0,"30":0,"31":0,"32":0,"33":0,"34":0,"35":0,"36":0,"37":0,"38":0,"39":0,"40":0,"41":0,"42":0,"43":0,"44":0,"45":0,"46":0,"47":0,"48":0,"49":0,"50":0,"51":0,"52":0,"53":0,"54":0,"55":0,"56":0,"57":0,"58":0,"59":0,"60":0,"61":0,"62":0,"63":0,"64":0,"65":0,"66":0,"67":0,"68":13,"69":13,"70":13,"71":1,"72":1,"73":12,"74":10,"75":2,"76":2},"f":{"0":14,"1":0,"2":0,"3":0,"4":0,"5":0,"6":0,"7":0,"8":0,"9":13},"b":{"0":[14,0,0],"1":[14,0],"2":[0],"3":[0],"4":[0,0],"5":[0],"6":[0,0],"7":[0,0],"8":[0,0],"9":[0],"10":[0,0],"11":[0,0],"12":[0],"13":[0],"14":[1],"15":[1],"16":[1,0],"17":[10,2]}}
}
