TN:
SF:app/api/search/route.ts
FN:27,buildSearchQuery
FN:42,createEmptyResponse
FN:59,extractSearchParams
FN:77,GET
FNF:4
FNH:4
FNDA:14,buildSearchQuery
FNDA:2,createEmptyResponse
FNDA:16,extractSearchParams
FNDA:16,GET
DA:1,1
DA:2,1
DA:5,1
DA:6,1
DA:28,14
DA:30,14
DA:43,2
DA:60,16
DA:61,16
DA:62,16
DA:64,16
DA:77,16
DA:78,16
DA:79,16
DA:82,16
DA:83,2
DA:87,14
DA:88,14
DA:91,12
DA:92,1
DA:96,11
DA:101,3
DA:102,3
LF:23
LH:23
BRDA:61,0,0,16
BRDA:61,0,1,2
BRDA:62,1,0,16
BRDA:62,1,1,14
BRDA:82,2,0,2
BRDA:91,3,0,1
BRDA:91,4,0,12
BRDA:91,4,1,11
BRDA:97,5,0,11
BRDA:97,5,1,0
BRDA:98,6,0,11
BRDA:98,6,1,0
BRF:12
BRH:10
end_of_record
TN:
SF:app/blog/[slug]/page.tsx
FN:12,generateStaticParams
FN:16,(anonymous_7)
FN:17,(anonymous_8)
FN:22,BlogPost
FN:33,(anonymous_10)
FN:52,(anonymous_11)
FN:128,generateMetadata
FNF:7
FNH:3
FNDA:0,generateStaticParams
FNDA:0,(anonymous_7)
FNDA:0,(anonymous_8)
FNDA:32,BlogPost
FNDA:32,(anonymous_10)
FNDA:32,(anonymous_11)
FNDA:0,generateMetadata
DA:1,1
DA:2,1
DA:3,1
DA:4,1
DA:5,1
DA:6,1
DA:7,1
DA:8,1
DA:10,1
DA:12,0
DA:13,0
DA:15,0
DA:16,0
DA:17,0
DA:22,32
DA:23,32
DA:24,32
DA:26,32
DA:27,0
DA:30,32
DA:33,32
DA:34,32
DA:37,32
DA:53,32
DA:128,0
DA:129,0
DA:130,0
DA:132,0
DA:133,0
DA:138,0
LF:30
LH:18
BRDA:26,0,0,0
BRDA:33,1,0,32
BRDA:33,1,1,0
BRDA:48,2,0,32
BRDA:48,2,1,32
BRDA:132,3,0,0
BRDA:139,4,0,0
BRDA:139,4,1,0
BRDA:140,5,0,0
BRDA:140,5,1,0
BRF:10
BRH:3
end_of_record
TN:
SF:components/CookieConsent.tsx
FN:72,(anonymous_2)
FNF:1
FNH:1
FNDA:57,(anonymous_2)
DA:41,2
DA:42,2
DA:45,2
DA:46,2
DA:49,2
DA:57,2
DA:72,2
DA:144,57
LF:8
LH:8
BRF:0
BRH:0
end_of_record
TN:
SF:components/Header.tsx
FN:6,Header
FNF:1
FNH:1
FNDA:26,Header
DA:1,1
DA:2,1
DA:3,1
DA:4,1
DA:6,26
LF:5
LH:5
BRF:0
BRH:0
end_of_record
TN:
SF:components/RelatedPosts.tsx
FN:51,RelatedPosts
FN:60,(anonymous_3)
FNF:2
FNH:2
FNDA:29,RelatedPosts
FNDA:75,(anonymous_3)
DA:1,1
DA:2,1
DA:3,1
DA:51,29
DA:52,29
DA:53,1
DA:61,75
DA:62,75
DA:64,75
LF:9
LH:9
BRDA:52,0,0,1
BRDA:62,1,0,75
BRDA:62,1,1,1
BRDA:91,2,0,75
BRDA:91,2,1,74
BRF:5
BRH:5
end_of_record
TN:
SF:components/mobile/MobileMenu.tsx
FN:53,MobileMenu
FN:59,(anonymous_3)
FN:64,(anonymous_4)
FN:69,(anonymous_5)
FN:90,(anonymous_6)
FNF:5
FNH:5
FNDA:115,MobileMenu
FNDA:40,(anonymous_3)
FNDA:4,(anonymous_4)
FNDA:2,(anonymous_5)
FNDA:230,(anonymous_6)
DA:21,2
DA:22,2
DA:23,2
DA:24,2
DA:25,2
DA:39,2
DA:53,68
DA:54,115
DA:59,115
DA:64,115
DA:69,115
DA:91,230
LF:12
LH:12
BRF:0
BRH:0
end_of_record
TN:
SF:components/search/SearchDialog.tsx
FN:15,useSearch
FN:20,(anonymous_2)
FN:26,(anonymous_3)
FN:46,(anonymous_4)
FN:49,(anonymous_5)
FN:64,useKeyboardShortcut
FN:65,(anonymous_7)
FN:66,(anonymous_8)
FN:74,(anonymous_9)
FN:79,getKeyboardShortcutLabel
FN:97,SearchDialog
FN:102,(anonymous_12)
FN:106,(anonymous_13)
FN:113,(anonymous_14)
FN:124,(anonymous_15)
FN:154,(anonymous_16)
FNF:16
FNH:16
FNDA:262,useSearch
FNDA:150,(anonymous_2)
FNDA:12,(anonymous_3)
FNDA:67,(anonymous_4)
FNDA:4,(anonymous_5)
FNDA:262,useKeyboardShortcut
FNDA:78,(anonymous_7)
FNDA:78,(anonymous_8)
FNDA:78,(anonymous_9)
FNDA:262,getKeyboardShortcutLabel
FNDA:262,SearchDialog
FNDA:23,(anonymous_12)
FNDA:4,(anonymous_13)
FNDA:3,(anonymous_14)
FNDA:1,(anonymous_15)
FNDA:70,(anonymous_16)
DA:3,2
DA:4,2
DA:5,2
DA:6,2
DA:7,2
DA:8,2
DA:11,2
DA:12,2
DA:16,262
DA:17,262
DA:18,262
DA:20,262
DA:21,150
DA:22,83
DA:23,83
DA:26,67
DA:27,12
DA:28,12
DA:29,12
DA:30,12
DA:32,11
DA:33,10
DA:34,10
DA:36,1
DA:39,1
DA:40,1
DA:42,12
DA:46,67
DA:49,262
DA:50,4
DA:51,4
DA:54,262
DA:65,262
DA:66,78
DA:67,78
DA:68,2
DA:69,2
DA:73,78
DA:74,78
DA:80,262
DA:82,262
DA:83,262
DA:97,78
DA:98,262
DA:99,262
DA:102,262
DA:103,262
DA:106,262
DA:107,4
DA:108,4
DA:112,262
DA:114,3
DA:115,3
DA:117,0
DA:124,262
DA:125,1
DA:128,262
DA:154,70
LF:58
LH:57
BRDA:21,0,0,83
BRDA:32,1,0,10
BRDA:32,1,1,1
BRDA:34,2,0,10
BRDA:34,2,1,0
BRDA:67,3,0,2
BRDA:67,4,0,78
BRDA:67,4,1,76
BRDA:67,4,2,4
BRDA:80,5,0,0
BRDA:83,6,0,0
BRDA:83,6,1,262
BRDA:114,7,0,3
BRDA:114,7,1,0
BRF:14
BRH:10
end_of_record
TN:
SF:components/search/SearchResults.tsx
FN:31,LoadingState
FN:42,EmptyQueryState
FN:50,NoResultsState
FN:58,CategoryBadges
FN:67,(anonymous_6)
FN:80,ResultItem
FN:126,SearchResults
FN:150,(anonymous_9)
FNF:8
FNH:8
FNDA:3,LoadingState
FNDA:24,EmptyQueryState
FNDA:74,NoResultsState
FNDA:36,CategoryBadges
FNDA:43,(anonymous_6)
FNDA:36,ResultItem
FNDA:124,SearchResults
FNDA:36,(anonymous_9)
DA:3,3
DA:4,3
DA:5,3
DA:59,36
DA:60,13
DA:68,43
DA:89,36
DA:126,286
DA:133,124
DA:134,3
DA:138,121
DA:139,24
DA:143,97
DA:151,36
LF:14
LH:14
BRDA:59,0,0,13
BRDA:59,1,0,36
BRDA:59,1,1,34
BRDA:91,2,0,36
BRDA:91,2,1,0
BRDA:133,3,0,3
BRDA:138,4,0,24
BRDA:143,5,0,74
BRDA:152,6,0,36
BRDA:152,6,1,0
BRF:10
BRH:8
end_of_record
TN:
SF:components/ui/button.tsx
FN:8,Button
FNF:1
FNH:1
FNDA:408,Button
DA:1,4
DA:8,410
DA:14,408
DA:16,408
DA:22,408
LF:5
LH:5
BRDA:9,0,0,31
BRDA:10,1,0,29
BRDA:11,2,0,290
BRF:3
BRH:3
end_of_record
TN:
SF:components/ui/dialog.tsx
FN:12,Dialog
FN:13,(anonymous_8)
FN:14,(anonymous_9)
FN:23,(anonymous_10)
FN:35,(anonymous_11)
FN:44,DialogContent
FN:52,DialogClose
FNF:7
FNH:7
FNDA:310,Dialog
FNDA:153,(anonymous_8)
FNDA:75,(anonymous_9)
FNDA:153,(anonymous_10)
FNDA:2,(anonymous_11)
FNDA:115,DialogContent
FNDA:7,DialogClose
DA:3,3
DA:4,3
DA:12,310
DA:13,310
DA:14,153
DA:15,75
DA:18,153
DA:19,60
DA:20,60
DA:23,153
DA:24,153
DA:25,153
DA:29,310
DA:35,2
DA:44,277
DA:52,7
LF:16
LH:16
BRDA:15,0,0,4
BRDA:18,1,0,60
BRDA:29,2,0,173
BRF:3
BRH:3
end_of_record
TN:
SF:components/ui/input.tsx
FN:6,Input
FNF:1
FNH:1
FNDA:156,Input
DA:1,3
DA:6,318
LF:2
LH:2
BRDA:6,0,0,54
BRDA:6,1,0,47
BRF:2
BRH:2
end_of_record
TN:
SF:components/ui/sheet.tsx
FN:13,Sheet
FN:19,(anonymous_8)
FN:20,(anonymous_9)
FN:29,(anonymous_10)
FN:46,(anonymous_11)
FN:57,SheetContent
FN:61,SheetClose
FNF:7
FNH:7
FNDA:172,Sheet
FNDA:172,(anonymous_8)
FNDA:5,(anonymous_9)
FNDA:172,(anonymous_10)
FNDA:2,(anonymous_11)
FNDA:54,SheetContent
FNDA:45,SheetClose
DA:3,3
DA:4,3
DA:13,174
DA:19,172
DA:20,172
DA:21,5
DA:24,172
DA:25,85
DA:26,85
DA:29,172
DA:30,172
DA:31,172
DA:35,172
DA:37,85
DA:46,2
DA:57,132
DA:61,123
LF:17
LH:17
BRDA:16,0,0,53
BRDA:21,1,0,3
BRDA:24,2,0,85
BRDA:35,3,0,87
BRF:4
BRH:4
end_of_record
TN:
SF:lib/strapi.ts
FN:4,getStrapiClient
FN:19,getAllPosts
FN:31,getPaginatedPosts
FN:58,getPostBySlug
FN:97,getAllPages
FN:107,getPageBySlug
FN:119,getAllCategories
FN:130,getCategoryBySlug
FN:158,getPostsByCategory
FN:205,getRelatedPosts
FNF:10
FNH:2
FNDA:14,getStrapiClient
FNDA:0,getAllPosts
FNDA:0,getPaginatedPosts
FNDA:0,getPostBySlug
FNDA:0,getAllPages
FNDA:0,getPageBySlug
FNDA:0,getAllCategories
FNDA:0,getCategoryBySlug
FNDA:0,getPostsByCategory
FNDA:13,getRelatedPosts
DA:1,1
DA:5,14
DA:6,14
DA:8,14
DA:17,1
DA:19,0
DA:20,0
DA:22,0
DA:23,0
DA:24,0
DA:26,0
DA:27,0
DA:31,0
DA:32,0
DA:33,0
DA:34,0
DA:38,0
DA:43,0
DA:44,0
DA:58,0
DA:59,0
DA:60,0
DA:61,0
DA:63,0
DA:64,0
DA:69,0
DA:90,0
DA:92,0
DA:93,0
DA:97,0
DA:98,0
DA:99,0
DA:100,0
DA:102,0
DA:103,0
DA:107,0
DA:108,0
DA:109,0
DA:110,0
DA:112,0
DA:113,0
DA:119,0
DA:120,0
DA:121,0
DA:122,0
DA:123,0
DA:125,0
DA:126,0
DA:130,0
DA:131,0
DA:132,0
DA:133,0
DA:134,0
DA:136,0
DA:137,0
DA:141,0
DA:151,0
DA:153,0
DA:154,0
DA:158,0
DA:163,0
DA:164,0
DA:165,0
DA:169,0
DA:174,0
DA:175,0
DA:205,13
DA:210,13
DA:211,13
DA:213,13
DA:215,1
DA:223,1
DA:227,12
DA:237,10
DA:239,2
DA:240,2
LF:76
LH:15
BRDA:5,0,0,14
BRDA:5,0,1,0
BRDA:5,0,2,0
BRDA:6,1,0,14
BRDA:6,1,1,0
BRDA:31,2,0,0
BRDA:31,3,0,0
BRDA:61,4,0,0
BRDA:61,4,1,0
BRDA:63,5,0,0
BRDA:69,6,0,0
BRDA:69,6,1,0
BRDA:110,7,0,0
BRDA:110,7,1,0
BRDA:134,8,0,0
BRDA:134,8,1,0
BRDA:136,9,0,0
BRDA:141,10,0,0
BRDA:141,10,1,0
BRDA:147,11,0,0
BRDA:147,11,1,0
BRDA:160,12,0,0
BRDA:161,13,0,0
BRDA:208,14,0,1
BRDA:213,15,0,1
BRDA:223,16,0,1
BRDA:223,16,1,0
BRDA:237,17,0,10
BRDA:237,17,1,2
BRF:29
BRH:7
end_of_record
